<?xml version="1.0" encoding="UTF-8"?>
<!-- Generated by org.testng.reporters.JUnitXMLReporter -->
<testsuite ignored="0" hostname="LAPTOP-B666QCGD" failures="0" tests="4" name="Flight Test" time="28.777" errors="0" timestamp="2026-03-13T11:56:22 IST">
  <testcase classname="tests.FlightBookingTest" name="bookFlightTest" time="2.936"/>
  <testcase classname="tests.FlightBookingTest" name="bookFlightTest" time="4.835"/>
  <testcase classname="tests.FlightBookingTest" name="bookFlightTest" time="3.437"/>
  <testcase classname="tests.FlightBookingTest" name="bookFlightTest" time="3.394"/>
</testsuite> <!-- Flight Test -->
