<?xml version="1.0" encoding="UTF-8"?>
<testng-results ignored="0" total="4" passed="4" failed="0" skipped="0">
  <reporter-output>
  </reporter-output>
  <suite started-at="2026-03-13T11:55:53 IST" name="Flight Booking Suite" finished-at="2026-03-13T11:56:22 IST" duration-ms="28777">
    <groups>
    </groups>
    <test started-at="2026-03-13T11:55:53 IST" name="Flight Test" finished-at="2026-03-13T11:56:22 IST" duration-ms="28777">
      <class name="tests.FlightBookingTest">
        <test-method is-config="true" signature="setup()[pri:0, instance:tests.FlightBookingTest@3c41ed1d]" started-at="2026-03-13T11:55:54 IST" name="setup" finished-at="2026-03-13T11:55:58 IST" duration-ms="3858" status="PASS">
          <reporter-output>
          </reporter-output>
        </test-method> <!-- setup -->
        <test-method signature="bookFlightTest(java.lang.String,java.lang.String,java.lang.String,java.lang.String,java.lang.String,java.lang.String,java.lang.String,java.lang.String,java.lang.String,java.lang.String,java.lang.String)[pri:0, instance:tests.FlightBookingTest@3c41ed1d]" started-at="2026-03-13T11:55:58 IST" name="bookFlightTest" data-provider="flightData" finished-at="2026-03-13T11:56:00 IST" duration-ms="2936" status="PASS">
          <params>
            <param index="0">
              <value>
                <![CDATA[Paris]]>
              </value>
            </param>
            <param index="1">
              <value>
                <![CDATA[New York]]>
              </value>
            </param>
            <param index="2">
              <value>
                <![CDATA[user1]]>
              </value>
            </param>
            <param index="3">
              <value>
                <![CDATA[Yavatmal]]>
              </value>
            </param>
            <param index="4">
              <value>
                <![CDATA[Yavatmal]]>
              </value>
            </param>
            <param index="5">
              <value>
                <![CDATA[Maharashtra]]>
              </value>
            </param>
            <param index="6">
              <value>
                <![CDATA[445001.0]]>
              </value>
            </param>
            <param index="7">
              <value>
                <![CDATA[1.2345678192E10]]>
              </value>
            </param>
            <param index="8">
              <value>
                <![CDATA[12.0]]>
              </value>
            </param>
            <param index="9">
              <value>
                <![CDATA[2028.0]]>
              </value>
            </param>
            <param index="10">
              <value>
                <![CDATA[user1]]>
              </value>
            </param>
          </params>
          <reporter-output>
          </reporter-output>
        </test-method> <!-- bookFlightTest -->
        <test-method is-config="true" signature="tearDown()[pri:0, instance:tests.FlightBookingTest@3c41ed1d]" started-at="2026-03-13T11:56:00 IST" name="tearDown" finished-at="2026-03-13T11:56:01 IST" duration-ms="201" status="PASS">
          <reporter-output>
          </reporter-output>
        </test-method> <!-- tearDown -->
        <test-method is-config="true" signature="setup()[pri:0, instance:tests.FlightBookingTest@3c41ed1d]" started-at="2026-03-13T11:56:01 IST" name="setup" finished-at="2026-03-13T11:56:03 IST" duration-ms="2685" status="PASS">
          <reporter-output>
          </reporter-output>
        </test-method> <!-- setup -->
        <test-method signature="bookFlightTest(java.lang.String,java.lang.String,java.lang.String,java.lang.String,java.lang.String,java.lang.String,java.lang.String,java.lang.String,java.lang.String,java.lang.String,java.lang.String)[pri:0, instance:tests.FlightBookingTest@3c41ed1d]" started-at="2026-03-13T11:56:03 IST" name="bookFlightTest" data-provider="flightData" finished-at="2026-03-13T11:56:08 IST" duration-ms="4835" status="PASS">
          <params>
            <param index="0">
              <value>
                <![CDATA[Boston]]>
              </value>
            </param>
            <param index="1">
              <value>
                <![CDATA[London]]>
              </value>
            </param>
            <param index="2">
              <value>
                <![CDATA[user2]]>
              </value>
            </param>
            <param index="3">
              <value>
                <![CDATA[Banglore]]>
              </value>
            </param>
            <param index="4">
              <value>
                <![CDATA[Banglore]]>
              </value>
            </param>
            <param index="5">
              <value>
                <![CDATA[Karnataka]]>
              </value>
            </param>
            <param index="6">
              <value>
                <![CDATA[400011.0]]>
              </value>
            </param>
            <param index="7">
              <value>
                <![CDATA[1.3244242244E10]]>
              </value>
            </param>
            <param index="8">
              <value>
                <![CDATA[11.0]]>
              </value>
            </param>
            <param index="9">
              <value>
                <![CDATA[2027.0]]>
              </value>
            </param>
            <param index="10">
              <value>
                <![CDATA[user2]]>
              </value>
            </param>
          </params>
          <reporter-output>
          </reporter-output>
        </test-method> <!-- bookFlightTest -->
        <test-method is-config="true" signature="tearDown()[pri:0, instance:tests.FlightBookingTest@3c41ed1d]" started-at="2026-03-13T11:56:08 IST" name="tearDown" finished-at="2026-03-13T11:56:08 IST" duration-ms="168" status="PASS">
          <reporter-output>
          </reporter-output>
        </test-method> <!-- tearDown -->
        <test-method is-config="true" signature="setup()[pri:0, instance:tests.FlightBookingTest@3c41ed1d]" started-at="2026-03-13T11:56:08 IST" name="setup" finished-at="2026-03-13T11:56:11 IST" duration-ms="3142" status="PASS">
          <reporter-output>
          </reporter-output>
        </test-method> <!-- setup -->
        <test-method signature="bookFlightTest(java.lang.String,java.lang.String,java.lang.String,java.lang.String,java.lang.String,java.lang.String,java.lang.String,java.lang.String,java.lang.String,java.lang.String,java.lang.String)[pri:0, instance:tests.FlightBookingTest@3c41ed1d]" started-at="2026-03-13T11:56:11 IST" name="bookFlightTest" data-provider="flightData" finished-at="2026-03-13T11:56:15 IST" duration-ms="3437" status="PASS">
          <params>
            <param index="0">
              <value>
                <![CDATA[Mexico City]]>
              </value>
            </param>
            <param index="1">
              <value>
                <![CDATA[Rome]]>
              </value>
            </param>
            <param index="2">
              <value>
                <![CDATA[user3]]>
              </value>
            </param>
            <param index="3">
              <value>
                <![CDATA[Pune]]>
              </value>
            </param>
            <param index="4">
              <value>
                <![CDATA[Pune]]>
              </value>
            </param>
            <param index="5">
              <value>
                <![CDATA[Maharashtra]]>
              </value>
            </param>
            <param index="6">
              <value>
                <![CDATA[424521.0]]>
              </value>
            </param>
            <param index="7">
              <value>
                <![CDATA[1.2421214124E10]]>
              </value>
            </param>
            <param index="8">
              <value>
                <![CDATA[11.0]]>
              </value>
            </param>
            <param index="9">
              <value>
                <![CDATA[2028.0]]>
              </value>
            </param>
            <param index="10">
              <value>
                <![CDATA[user3]]>
              </value>
            </param>
          </params>
          <reporter-output>
          </reporter-output>
        </test-method> <!-- bookFlightTest -->
        <test-method is-config="true" signature="tearDown()[pri:0, instance:tests.FlightBookingTest@3c41ed1d]" started-at="2026-03-13T11:56:15 IST" name="tearDown" finished-at="2026-03-13T11:56:15 IST" duration-ms="141" status="PASS">
          <reporter-output>
          </reporter-output>
        </test-method> <!-- tearDown -->
        <test-method is-config="true" signature="setup()[pri:0, instance:tests.FlightBookingTest@3c41ed1d]" started-at="2026-03-13T11:56:15 IST" name="setup" finished-at="2026-03-13T11:56:18 IST" duration-ms="3017" status="PASS">
          <reporter-output>
          </reporter-output>
        </test-method> <!-- setup -->
        <test-method signature="bookFlightTest(java.lang.String,java.lang.String,java.lang.String,java.lang.String,java.lang.String,java.lang.String,java.lang.String,java.lang.String,java.lang.String,java.lang.String,java.lang.String)[pri:0, instance:tests.FlightBookingTest@3c41ed1d]" started-at="2026-03-13T11:56:18 IST" name="bookFlightTest" data-provider="flightData" finished-at="2026-03-13T11:56:21 IST" duration-ms="3394" status="PASS">
          <params>
            <param index="0">
              <value>
                <![CDATA[Portland]]>
              </value>
            </param>
            <param index="1">
              <value>
                <![CDATA[Berlin]]>
              </value>
            </param>
            <param index="2">
              <value>
                <![CDATA[user4]]>
              </value>
            </param>
            <param index="3">
              <value>
                <![CDATA[Hyderabad]]>
              </value>
            </param>
            <param index="4">
              <value>
                <![CDATA[Hyderabad]]>
              </value>
            </param>
            <param index="5">
              <value>
                <![CDATA[Telanga]]>
              </value>
            </param>
            <param index="6">
              <value>
                <![CDATA[462878.0]]>
              </value>
            </param>
            <param index="7">
              <value>
                <![CDATA[1.4892889492E10]]>
              </value>
            </param>
            <param index="8">
              <value>
                <![CDATA[10.0]]>
              </value>
            </param>
            <param index="9">
              <value>
                <![CDATA[2026.0]]>
              </value>
            </param>
            <param index="10">
              <value>
                <![CDATA[user4]]>
              </value>
            </param>
          </params>
          <reporter-output>
          </reporter-output>
        </test-method> <!-- bookFlightTest -->
        <test-method is-config="true" signature="tearDown()[pri:0, instance:tests.FlightBookingTest@3c41ed1d]" started-at="2026-03-13T11:56:21 IST" name="tearDown" finished-at="2026-03-13T11:56:22 IST" duration-ms="199" status="PASS">
          <reporter-output>
          </reporter-output>
        </test-method> <!-- tearDown -->
      </class> <!-- tests.FlightBookingTest -->
    </test> <!-- Flight Test -->
  </suite> <!-- Flight Booking Suite -->
</testng-results>
