<?xml version="1.0" encoding="UTF-8"?>
<testng-results ignored="0" total="1" passed="1" failed="0" skipped="0">
  <reporter-output>
  </reporter-output>
  <suite started-at="2026-03-09T12:40:47 IST" name="Flight Booking Suite" finished-at="2026-03-09T12:41:09 IST" duration-ms="21558">
    <groups>
    </groups>
    <test started-at="2026-03-09T12:40:47 IST" name="Flight Test" finished-at="2026-03-09T12:41:09 IST" duration-ms="21558">
      <class name="tests.FlightBookingTest">
        <test-method is-config="true" signature="setup()[pri:0, instance:tests.FlightBookingTest@1bb5a082]" started-at="2026-03-09T12:40:47 IST" name="setup" finished-at="2026-03-09T12:40:53 IST" duration-ms="5403" status="PASS">
          <reporter-output>
          </reporter-output>
        </test-method> <!-- setup -->
        <test-method signature="bookFlightTest()[pri:0, instance:tests.FlightBookingTest@1bb5a082]" started-at="2026-03-09T12:40:53 IST" name="bookFlightTest" finished-at="2026-03-09T12:41:08 IST" duration-ms="15675" status="PASS">
          <reporter-output>
          </reporter-output>
        </test-method> <!-- bookFlightTest -->
        <test-method is-config="true" signature="tearDown()[pri:0, instance:tests.FlightBookingTest@1bb5a082]" started-at="2026-03-09T12:41:08 IST" name="tearDown" finished-at="2026-03-09T12:41:09 IST" duration-ms="422" status="PASS">
          <reporter-output>
          </reporter-output>
        </test-method> <!-- tearDown -->
      </class> <!-- tests.FlightBookingTest -->
    </test> <!-- Flight Test -->
  </suite> <!-- Flight Booking Suite -->
</testng-results>
