<?xml version="1.0" encoding="UTF-8"?>
<!-- Generated by org.testng.reporters.JUnitReportReporter -->
<testsuite hostname="LAPTOP-B666QCGD" failures="0" tests="4" name="tests.FlightBookingTest" time="28.013" errors="0" timestamp="2026-03-13T11:56:22 IST" skipped="0">
  <testcase classname="tests.FlightBookingTest" name="bookFlightTest" time="8.178"/>
  <testcase classname="tests.FlightBookingTest" name="bookFlightTest" time="6.579"/>
  <testcase classname="tests.FlightBookingTest" name="bookFlightTest" time="5.820"/>
  <testcase classname="tests.FlightBookingTest" name="bookFlightTest" time="7.436"/>
</testsuite> <!-- tests.FlightBookingTest -->
